2017-12-26 14:38:58,432 INFO  [main] com.sap.jpaas.infrastructure.console.ConsoleLogger: Arguments:   -a p1942289352trial -u p1942289352 -h hanatrial.ondemand.com --id system -p ********
2017-12-26 14:38:59,953 INFO  [main] com.sap.jpaas.infrastructure.console.ConsoleLogger: Starting execution of command [open-db-tunnel]
2017-12-26 14:39:00,128 INFO  [pool-2-thread-1] com.sap.jpaas.infrastructure.console.ConsoleLogger: No SDK status file for your configuration was found. Creating a new status file...
2017-12-26 14:39:01,827 INFO  [main] com.sap.jpaas.infrastructure.console.ConsoleLogger: There is no tools page available on host hanatrial.ondemand.com. The default tools page on host hana.ondemand.com will be used instead. This is expected behaviour as some hosts do not have corresponding tools pages
2017-12-26 14:39:01,834 INFO  [main] com.sap.jpaas.infrastructure.console.ConsoleLogger: Version validity check is completed
2017-12-26 14:39:01,835 INFO  [main] com.sap.jpaas.infrastructure.console.ConsoleLogger: Command [open-db-tunnel] init() finished for [1882] ms
2017-12-26 14:39:01,847 INFO  [main] com.sap.core.tunnelcommands.framework.executor.CommandTunnelRequestExecutor: CommandTunnelRequestExecutor.executeRequest() called for command [open-db-tunnel] (version: 1.2.0)
2017-12-26 14:39:03,593 ERROR [main] com.sap.core.tunnelcommands.framework.executor.DefaultResponseConsumingStrategy: A problem occurred.
2017-12-26 14:39:03,594 ERROR [main] com.sap.core.tunnelcommands.framework.executor.DefaultResponseConsumingStrategy: request URI: https://services.hanatrial.ondemand.com/services/v1/instances/p1942289352trial/persistence/v3/dbtunnel/schemaId/system
2017-12-26 14:39:03,595 ERROR [main] com.sap.core.tunnelcommands.framework.executor.DefaultResponseConsumingStrategy: statusCode: 404 Not Found
2017-12-26 14:39:03,596 ERROR [main] com.sap.core.tunnelcommands.framework.executor.DefaultResponseConsumingStrategy: contentType: text/plain
2017-12-26 14:39:03,601 ERROR [main] com.sap.core.tunnelcommands.framework.executor.DefaultResponseConsumingStrategy: content: Database or schema 'system' not found.
2017-12-26 14:39:03,601 INFO  [main] com.sap.jpaas.infrastructure.console.ConsoleLogger: Command [open-db-tunnel] cleanup() finished for [0] ms
2017-12-26 14:39:03,612 FATAL [main] com.sap.jpaas.infrastructure.console.ConsoleLogger: (!) ERROR: A problem occurred.
Database or schema 'system' not found.
com.sap.jpaas.infrastructure.console.exception.CommandException: A problem occurred.
Database or schema 'system' not found.
	at com.sap.core.tunnelcommands.framework.executor.DefaultResponseConsumingStrategy.throwCommandExceptionWithContentInfoAndLog(DefaultResponseConsumingStrategy.java:90)
	at com.sap.core.tunnelcommands.framework.executor.DefaultResponseConsumingStrategy.throwCommandExceptionWithContentInfoAndLog(DefaultResponseConsumingStrategy.java:54)
	at com.sap.core.tunnelcommands.framework.executor.DefaultResponseConsumingStrategy.throwCommandExceptionWithContentInfoAndLog(DefaultResponseConsumingStrategy.java:49)
	at com.sap.core.tunnelcommands.framework.executor.DefaultResponseConsumingStrategy.consume(DefaultResponseConsumingStrategy.java:43)
	at com.sap.core.tunnelcommands.framework.executor.JsonConsumingStrategy.consume(JsonConsumingStrategy.java:31)
	at com.sap.core.persistence.commands.tunnel.api.OpenDbTunnelConsumer.consume(OpenDbTunnelConsumer.java:37)
	at com.sap.core.tunnelcommands.framework.executor.CommandTunnelRequestExecutor.executeRequest(CommandTunnelRequestExecutor.java:97)
	at com.sap.core.tunnelcommands.framework.executor.CommandTunnelRequestExecutor.executeRequest(CommandTunnelRequestExecutor.java:47)
	at com.sap.core.persistence.commands.tunnel.api.CommandTunnelHandler.performOpenTunnelRequest(CommandTunnelHandler.java:263)
	at com.sap.core.persistence.commands.tunnel.api.CommandTunnelHandler.openTunnel(CommandTunnelHandler.java:133)
	at com.sap.core.persistence.commands.tunnel.OpenDbTunnelCommand.openTunnelInShellProcess(OpenDbTunnelCommand.java:197)
	at com.sap.core.persistence.commands.tunnel.OpenDbTunnelCommand.run(OpenDbTunnelCommand.java:135)
	at com.sap.jpaas.infrastructure.console.CommandManager.run(CommandManager.java:183)
	at com.sap.jpaas.infrastructure.console.CommandManager.run(CommandManager.java:144)
	at com.sap.jpaas.infrastructure.console.ConsoleClient.executeCommand(ConsoleClient.java:242)
	at com.sap.jpaas.infrastructure.console.ConsoleClient.run(ConsoleClient.java:184)
	at com.sap.jpaas.infrastructure.console.ConsoleClient.main(ConsoleClient.java:80)
