2018-01-09 13:54:06,402 INFO  [main] com.sap.jpaas.infrastructure.console.ConsoleLogger: Arguments:   -a p1942289352trial -u p1942289352 -h hanatrial.ondemand.com --id demodb -p ********
2018-01-09 13:54:07,611 INFO  [main] com.sap.jpaas.infrastructure.console.ConsoleLogger: Starting execution of command [open-db-tunnel]
2018-01-09 13:54:07,812 INFO  [pool-2-thread-1] com.sap.jpaas.infrastructure.console.ConsoleLogger: No SDK status file for your configuration was found. Creating a new status file...
2018-01-09 13:54:09,332 INFO  [main] com.sap.jpaas.infrastructure.console.ConsoleLogger: There is no tools page available on host hanatrial.ondemand.com. The default tools page on host hana.ondemand.com will be used instead. This is expected behaviour as some hosts do not have corresponding tools pages
2018-01-09 13:54:09,336 INFO  [main] com.sap.jpaas.infrastructure.console.ConsoleLogger: Version validity check is completed
2018-01-09 13:54:09,337 INFO  [main] com.sap.jpaas.infrastructure.console.ConsoleLogger: Command [open-db-tunnel] init() finished for [1726] ms
2018-01-09 13:54:09,350 INFO  [main] com.sap.core.tunnelcommands.framework.executor.CommandTunnelRequestExecutor: CommandTunnelRequestExecutor.executeRequest() called for command [open-db-tunnel] (version: 1.2.0)
2018-01-09 13:54:13,142 INFO  [tunnelclient-2-1] com.sap.core.connectivity.tunnel.client.handshake.ClientProtocolHandshaker: Sending handshake request for tunnel: jdbc:///demodb/t31ab7f44c8cb4a2385d33e4ce5632713 and host connectivitytunnel.hanatrial.ondemand.com
2018-01-09 13:54:13,705 INFO  [tunnelclient-2-1] com.sap.core.connectivity.tunnel.core.impl.context.TunnelRegistryImpl: Registered tunnel channel [id: 0xfe01ac4c, L:/172.16.30.183:55042 - R:connectivitytunnel.hanatrial.ondemand.com/155.56.219.27:443] for tunnel id "jdbc:///demodb/t31ab7f44c8cb4a2385d33e4ce5632713" and client id "0cb0b563-b66f-4e56-93a7-7273a4fc748f"
2018-01-09 13:54:13,707 INFO  [main] com.sap.core.connectivity.tunnel.client.AbstractTunnelClient: Successfully established tunnel: [id: 0xfe01ac4c, L:/172.16.30.183:55042 - R:connectivitytunnel.hanatrial.ondemand.com/155.56.219.27:443]
2018-01-09 13:54:15,898 INFO  [main] com.sap.core.connectivity.tunnel.core.impl.proxy.AbstractProxyServer: Started proxy server at port: 30015
2018-01-09 13:54:15,898 INFO  [main] com.sap.core.connectivity.tunnel.core.impl.proxy.AbstractProxyServer: Proxy server pool size: 20
2018-01-09 13:54:15,898 INFO  [main] com.sap.core.connectivity.tunnel.core.impl.proxy.AbstractProxyServer: Proxy server max heap per channel: 4194304
2018-01-09 13:54:15,899 INFO  [main] com.sap.core.connectivity.tunnel.core.impl.proxy.AbstractProxyServer: Proxy server max heap for all channels: 134217728
2018-01-09 13:54:47,830 ERROR [forwardingproxy-6-1] com.sap.core.connectivity.tunnel.core.handlers.AbstractErrorHandler: Input/output exception in forwarding proxy: java.io.IOException: An existing connection was forcibly closed by the remote host
2018-01-09 13:55:37,323 ERROR [forwardingproxy-6-2] com.sap.core.connectivity.tunnel.core.handlers.AbstractErrorHandler: Input/output exception in forwarding proxy: java.io.IOException: An existing connection was forcibly closed by the remote host
2018-01-09 13:56:05,969 ERROR [forwardingproxy-6-3] com.sap.core.connectivity.tunnel.core.handlers.AbstractErrorHandler: Input/output exception in forwarding proxy: java.io.IOException: An existing connection was forcibly closed by the remote host
2018-01-09 13:57:02,566 ERROR [forwardingproxy-6-4] com.sap.core.connectivity.tunnel.core.handlers.AbstractErrorHandler: Input/output exception in forwarding proxy: java.io.IOException: An existing connection was forcibly closed by the remote host
2018-01-09 13:57:02,566 ERROR [forwardingproxy-6-5] com.sap.core.connectivity.tunnel.core.handlers.AbstractErrorHandler: Input/output exception in forwarding proxy: java.io.IOException: An existing connection was forcibly closed by the remote host
2018-01-09 13:57:02,566 ERROR [forwardingproxy-6-6] com.sap.core.connectivity.tunnel.core.handlers.AbstractErrorHandler: Input/output exception in forwarding proxy: java.io.IOException: An existing connection was forcibly closed by the remote host
2018-01-09 13:57:02,567 ERROR [forwardingproxy-6-9] com.sap.core.connectivity.tunnel.core.handlers.AbstractErrorHandler: Input/output exception in forwarding proxy: java.io.IOException: An existing connection was forcibly closed by the remote host
2018-01-09 13:57:02,567 ERROR [forwardingproxy-6-8] com.sap.core.connectivity.tunnel.core.handlers.AbstractErrorHandler: Input/output exception in forwarding proxy: java.io.IOException: An existing connection was forcibly closed by the remote host
2018-01-09 13:57:02,567 ERROR [forwardingproxy-6-7] com.sap.core.connectivity.tunnel.core.handlers.AbstractErrorHandler: Input/output exception in forwarding proxy: java.io.IOException: An existing connection was forcibly closed by the remote host
2018-01-09 14:06:55,400 ERROR [forwardingproxy-6-13] com.sap.core.connectivity.tunnel.core.handlers.AbstractErrorHandler: Input/output exception in forwarding proxy: java.io.IOException: An existing connection was forcibly closed by the remote host
2018-01-09 14:06:55,400 ERROR [forwardingproxy-6-16] com.sap.core.connectivity.tunnel.core.handlers.AbstractErrorHandler: Input/output exception in forwarding proxy: java.io.IOException: An existing connection was forcibly closed by the remote host
2018-01-09 14:06:55,400 ERROR [forwardingproxy-6-14] com.sap.core.connectivity.tunnel.core.handlers.AbstractErrorHandler: Input/output exception in forwarding proxy: java.io.IOException: An existing connection was forcibly closed by the remote host
2018-01-09 14:06:55,400 ERROR [forwardingproxy-6-15] com.sap.core.connectivity.tunnel.core.handlers.AbstractErrorHandler: Input/output exception in forwarding proxy: java.io.IOException: An existing connection was forcibly closed by the remote host
2018-01-09 14:06:55,400 ERROR [forwardingproxy-6-18] com.sap.core.connectivity.tunnel.core.handlers.AbstractErrorHandler: Input/output exception in forwarding proxy: java.io.IOException: An existing connection was forcibly closed by the remote host
2018-01-09 14:06:55,400 ERROR [forwardingproxy-6-17] com.sap.core.connectivity.tunnel.core.handlers.AbstractErrorHandler: Input/output exception in forwarding proxy: java.io.IOException: An existing connection was forcibly closed by the remote host
2018-01-09 14:09:00,076 ERROR [forwardingproxy-6-10] com.sap.core.connectivity.tunnel.core.handlers.AbstractErrorHandler: Input/output exception in forwarding proxy: java.io.IOException: An existing connection was forcibly closed by the remote host
2018-01-09 14:09:00,076 ERROR [forwardingproxy-6-11] com.sap.core.connectivity.tunnel.core.handlers.AbstractErrorHandler: Input/output exception in forwarding proxy: java.io.IOException: An existing connection was forcibly closed by the remote host
2018-01-09 14:09:00,076 ERROR [forwardingproxy-6-12] com.sap.core.connectivity.tunnel.core.handlers.AbstractErrorHandler: Input/output exception in forwarding proxy: java.io.IOException: An existing connection was forcibly closed by the remote host
2018-01-09 14:11:17,178 ERROR [forwardingproxy-6-19] com.sap.core.connectivity.tunnel.core.handlers.AbstractErrorHandler: Input/output exception in forwarding proxy: java.io.IOException: An existing connection was forcibly closed by the remote host
2018-01-09 14:11:17,178 ERROR [forwardingproxy-6-2] com.sap.core.connectivity.tunnel.core.handlers.AbstractErrorHandler: Input/output exception in forwarding proxy: java.io.IOException: An existing connection was forcibly closed by the remote host
2018-01-09 14:11:17,178 ERROR [forwardingproxy-6-1] com.sap.core.connectivity.tunnel.core.handlers.AbstractErrorHandler: Input/output exception in forwarding proxy: java.io.IOException: An existing connection was forcibly closed by the remote host
2018-01-09 14:11:17,178 ERROR [forwardingproxy-6-20] com.sap.core.connectivity.tunnel.core.handlers.AbstractErrorHandler: Input/output exception in forwarding proxy: java.io.IOException: An existing connection was forcibly closed by the remote host
2018-01-09 14:11:17,179 ERROR [forwardingproxy-6-4] com.sap.core.connectivity.tunnel.core.handlers.AbstractErrorHandler: Input/output exception in forwarding proxy: java.io.IOException: An existing connection was forcibly closed by the remote host
2018-01-09 14:11:17,178 ERROR [forwardingproxy-6-3] com.sap.core.connectivity.tunnel.core.handlers.AbstractErrorHandler: Input/output exception in forwarding proxy: java.io.IOException: An existing connection was forcibly closed by the remote host
2018-01-09 14:11:43,847 ERROR [forwardingproxy-6-8] com.sap.core.connectivity.tunnel.core.handlers.AbstractErrorHandler: Input/output exception in forwarding proxy: java.io.IOException: An existing connection was forcibly closed by the remote host
2018-01-09 14:11:43,847 ERROR [forwardingproxy-6-10] com.sap.core.connectivity.tunnel.core.handlers.AbstractErrorHandler: Input/output exception in forwarding proxy: java.io.IOException: An existing connection was forcibly closed by the remote host
2018-01-09 14:11:43,848 ERROR [forwardingproxy-6-7] com.sap.core.connectivity.tunnel.core.handlers.AbstractErrorHandler: Input/output exception in forwarding proxy: java.io.IOException: An existing connection was forcibly closed by the remote host
2018-01-09 14:11:43,849 ERROR [forwardingproxy-6-5] com.sap.core.connectivity.tunnel.core.handlers.AbstractErrorHandler: Input/output exception in forwarding proxy: java.io.IOException: An existing connection was forcibly closed by the remote host
2018-01-09 14:11:43,850 ERROR [forwardingproxy-6-6] com.sap.core.connectivity.tunnel.core.handlers.AbstractErrorHandler: Input/output exception in forwarding proxy: java.io.IOException: An existing connection was forcibly closed by the remote host
2018-01-09 14:11:43,850 ERROR [forwardingproxy-6-9] com.sap.core.connectivity.tunnel.core.handlers.AbstractErrorHandler: Input/output exception in forwarding proxy: java.io.IOException: An existing connection was forcibly closed by the remote host
2018-01-09 14:14:30,737 ERROR [forwardingproxy-6-11] com.sap.core.connectivity.tunnel.core.handlers.AbstractErrorHandler: Input/output exception in forwarding proxy: java.io.IOException: An existing connection was forcibly closed by the remote host
2018-01-09 14:14:39,808 ERROR [forwardingproxy-6-12] com.sap.core.connectivity.tunnel.core.handlers.AbstractErrorHandler: Input/output exception in forwarding proxy: java.io.IOException: An existing connection was forcibly closed by the remote host
2018-01-09 14:19:58,702 ERROR [forwardingproxy-6-14] com.sap.core.connectivity.tunnel.core.handlers.AbstractErrorHandler: Input/output exception in forwarding proxy: java.io.IOException: An existing connection was forcibly closed by the remote host
2018-01-09 14:19:58,702 ERROR [forwardingproxy-6-13] com.sap.core.connectivity.tunnel.core.handlers.AbstractErrorHandler: Input/output exception in forwarding proxy: java.io.IOException: An existing connection was forcibly closed by the remote host
2018-01-09 14:27:54,632 ERROR [forwardingproxy-6-15] com.sap.core.connectivity.tunnel.core.handlers.AbstractErrorHandler: Input/output exception in forwarding proxy: java.io.IOException: An existing connection was forcibly closed by the remote host
2018-01-09 14:30:53,289 ERROR [forwardingproxy-6-17] com.sap.core.connectivity.tunnel.core.handlers.AbstractErrorHandler: Input/output exception in forwarding proxy: java.io.IOException: An existing connection was forcibly closed by the remote host
2018-01-09 14:30:53,289 ERROR [forwardingproxy-6-18] com.sap.core.connectivity.tunnel.core.handlers.AbstractErrorHandler: Input/output exception in forwarding proxy: java.io.IOException: An existing connection was forcibly closed by the remote host
2018-01-09 14:30:53,289 ERROR [forwardingproxy-6-1] com.sap.core.connectivity.tunnel.core.handlers.AbstractErrorHandler: Input/output exception in forwarding proxy: java.io.IOException: An existing connection was forcibly closed by the remote host
2018-01-09 14:30:53,289 ERROR [forwardingproxy-6-19] com.sap.core.connectivity.tunnel.core.handlers.AbstractErrorHandler: Input/output exception in forwarding proxy: java.io.IOException: An existing connection was forcibly closed by the remote host
2018-01-09 14:30:53,289 ERROR [forwardingproxy-6-16] com.sap.core.connectivity.tunnel.core.handlers.AbstractErrorHandler: Input/output exception in forwarding proxy: java.io.IOException: An existing connection was forcibly closed by the remote host
2018-01-09 14:30:53,289 ERROR [forwardingproxy-6-20] com.sap.core.connectivity.tunnel.core.handlers.AbstractErrorHandler: Input/output exception in forwarding proxy: java.io.IOException: An existing connection was forcibly closed by the remote host
2018-01-09 14:35:04,357 ERROR [forwardingproxy-6-4] com.sap.core.connectivity.tunnel.core.handlers.AbstractErrorHandler: Input/output exception in forwarding proxy: java.io.IOException: An existing connection was forcibly closed by the remote host
2018-01-09 14:35:04,359 ERROR [forwardingproxy-6-5] com.sap.core.connectivity.tunnel.core.handlers.AbstractErrorHandler: Input/output exception in forwarding proxy: java.io.IOException: An existing connection was forcibly closed by the remote host
2018-01-09 14:35:04,362 ERROR [forwardingproxy-6-2] com.sap.core.connectivity.tunnel.core.handlers.AbstractErrorHandler: Input/output exception in forwarding proxy: java.io.IOException: An existing connection was forcibly closed by the remote host
2018-01-09 14:35:04,364 ERROR [forwardingproxy-6-3] com.sap.core.connectivity.tunnel.core.handlers.AbstractErrorHandler: Input/output exception in forwarding proxy: java.io.IOException: An existing connection was forcibly closed by the remote host
2018-01-09 14:39:58,409 ERROR [forwardingproxy-6-6] com.sap.core.connectivity.tunnel.core.handlers.AbstractErrorHandler: Input/output exception in forwarding proxy: java.io.IOException: An existing connection was forcibly closed by the remote host
2018-01-09 14:39:58,409 ERROR [forwardingproxy-6-8] com.sap.core.connectivity.tunnel.core.handlers.AbstractErrorHandler: Input/output exception in forwarding proxy: java.io.IOException: An existing connection was forcibly closed by the remote host
2018-01-09 14:39:58,409 ERROR [forwardingproxy-6-7] com.sap.core.connectivity.tunnel.core.handlers.AbstractErrorHandler: Input/output exception in forwarding proxy: java.io.IOException: An existing connection was forcibly closed by the remote host
2018-01-09 14:41:17,339 ERROR [forwardingproxy-6-11] com.sap.core.connectivity.tunnel.core.handlers.AbstractErrorHandler: Input/output exception in forwarding proxy: java.io.IOException: An existing connection was forcibly closed by the remote host
2018-01-09 14:41:17,340 ERROR [forwardingproxy-6-10] com.sap.core.connectivity.tunnel.core.handlers.AbstractErrorHandler: Input/output exception in forwarding proxy: java.io.IOException: An existing connection was forcibly closed by the remote host
2018-01-09 14:41:17,339 ERROR [forwardingproxy-6-9] com.sap.core.connectivity.tunnel.core.handlers.AbstractErrorHandler: Input/output exception in forwarding proxy: java.io.IOException: An existing connection was forcibly closed by the remote host
2018-01-09 14:42:33,440 ERROR [forwardingproxy-6-12] com.sap.core.connectivity.tunnel.core.handlers.AbstractErrorHandler: Input/output exception in forwarding proxy: java.io.IOException: An existing connection was forcibly closed by the remote host
2018-01-09 14:42:33,440 ERROR [forwardingproxy-6-13] com.sap.core.connectivity.tunnel.core.handlers.AbstractErrorHandler: Input/output exception in forwarding proxy: java.io.IOException: An existing connection was forcibly closed by the remote host
2018-01-09 14:42:33,440 ERROR [forwardingproxy-6-14] com.sap.core.connectivity.tunnel.core.handlers.AbstractErrorHandler: Input/output exception in forwarding proxy: java.io.IOException: An existing connection was forcibly closed by the remote host
2018-01-09 14:44:25,547 ERROR [forwardingproxy-6-17] com.sap.core.connectivity.tunnel.core.handlers.AbstractErrorHandler: Input/output exception in forwarding proxy: java.io.IOException: An existing connection was forcibly closed by the remote host
2018-01-09 14:44:25,547 ERROR [forwardingproxy-6-16] com.sap.core.connectivity.tunnel.core.handlers.AbstractErrorHandler: Input/output exception in forwarding proxy: java.io.IOException: An existing connection was forcibly closed by the remote host
2018-01-09 14:44:25,547 ERROR [forwardingproxy-6-15] com.sap.core.connectivity.tunnel.core.handlers.AbstractErrorHandler: Input/output exception in forwarding proxy: java.io.IOException: An existing connection was forcibly closed by the remote host
2018-01-09 15:07:57,461 ERROR [forwardingproxy-6-18] com.sap.core.connectivity.tunnel.core.handlers.AbstractErrorHandler: Input/output exception in forwarding proxy: java.io.IOException: An existing connection was forcibly closed by the remote host
2018-01-09 15:07:57,478 ERROR [forwardingproxy-6-19] com.sap.core.connectivity.tunnel.core.handlers.AbstractErrorHandler: Input/output exception in forwarding proxy: java.io.IOException: An existing connection was forcibly closed by the remote host
2018-01-09 15:08:47,305 ERROR [forwardingproxy-6-20] com.sap.core.connectivity.tunnel.core.handlers.AbstractErrorHandler: Input/output exception in forwarding proxy: java.io.IOException: An existing connection was forcibly closed by the remote host
2018-01-09 15:08:47,305 ERROR [forwardingproxy-6-2] com.sap.core.connectivity.tunnel.core.handlers.AbstractErrorHandler: Input/output exception in forwarding proxy: java.io.IOException: An existing connection was forcibly closed by the remote host
2018-01-09 15:08:47,305 ERROR [forwardingproxy-6-1] com.sap.core.connectivity.tunnel.core.handlers.AbstractErrorHandler: Input/output exception in forwarding proxy: java.io.IOException: An existing connection was forcibly closed by the remote host
2018-01-09 15:10:15,837 ERROR [forwardingproxy-6-4] com.sap.core.connectivity.tunnel.core.handlers.AbstractErrorHandler: Input/output exception in forwarding proxy: java.io.IOException: An existing connection was forcibly closed by the remote host
2018-01-09 15:10:15,837 ERROR [forwardingproxy-6-3] com.sap.core.connectivity.tunnel.core.handlers.AbstractErrorHandler: Input/output exception in forwarding proxy: java.io.IOException: An existing connection was forcibly closed by the remote host
2018-01-09 15:10:15,837 ERROR [forwardingproxy-6-5] com.sap.core.connectivity.tunnel.core.handlers.AbstractErrorHandler: Input/output exception in forwarding proxy: java.io.IOException: An existing connection was forcibly closed by the remote host
2018-01-09 15:14:28,673 ERROR [forwardingproxy-6-6] com.sap.core.connectivity.tunnel.core.handlers.AbstractErrorHandler: Input/output exception in forwarding proxy: java.io.IOException: An existing connection was forcibly closed by the remote host
2018-01-09 15:14:28,673 ERROR [forwardingproxy-6-8] com.sap.core.connectivity.tunnel.core.handlers.AbstractErrorHandler: Input/output exception in forwarding proxy: java.io.IOException: An existing connection was forcibly closed by the remote host
2018-01-09 15:14:28,673 ERROR [forwardingproxy-6-7] com.sap.core.connectivity.tunnel.core.handlers.AbstractErrorHandler: Input/output exception in forwarding proxy: java.io.IOException: An existing connection was forcibly closed by the remote host
2018-01-09 15:15:49,439 ERROR [forwardingproxy-6-10] com.sap.core.connectivity.tunnel.core.handlers.AbstractErrorHandler: Input/output exception in forwarding proxy: java.io.IOException: An existing connection was forcibly closed by the remote host
2018-01-09 15:15:49,439 ERROR [forwardingproxy-6-9] com.sap.core.connectivity.tunnel.core.handlers.AbstractErrorHandler: Input/output exception in forwarding proxy: java.io.IOException: An existing connection was forcibly closed by the remote host
2018-01-09 15:15:49,439 ERROR [forwardingproxy-6-11] com.sap.core.connectivity.tunnel.core.handlers.AbstractErrorHandler: Input/output exception in forwarding proxy: java.io.IOException: An existing connection was forcibly closed by the remote host
2018-01-09 15:19:23,004 ERROR [forwardingproxy-6-14] com.sap.core.connectivity.tunnel.core.handlers.AbstractErrorHandler: Input/output exception in forwarding proxy: java.io.IOException: An existing connection was forcibly closed by the remote host
2018-01-09 15:19:23,004 ERROR [forwardingproxy-6-12] com.sap.core.connectivity.tunnel.core.handlers.AbstractErrorHandler: Input/output exception in forwarding proxy: java.io.IOException: An existing connection was forcibly closed by the remote host
2018-01-09 15:19:23,004 ERROR [forwardingproxy-6-13] com.sap.core.connectivity.tunnel.core.handlers.AbstractErrorHandler: Input/output exception in forwarding proxy: java.io.IOException: An existing connection was forcibly closed by the remote host
2018-01-09 15:19:39,054 ERROR [forwardingproxy-6-15] com.sap.core.connectivity.tunnel.core.handlers.AbstractErrorHandler: Input/output exception in forwarding proxy: java.io.IOException: An existing connection was forcibly closed by the remote host
2018-01-09 15:19:39,055 ERROR [forwardingproxy-6-17] com.sap.core.connectivity.tunnel.core.handlers.AbstractErrorHandler: Input/output exception in forwarding proxy: java.io.IOException: An existing connection was forcibly closed by the remote host
2018-01-09 15:19:39,055 ERROR [forwardingproxy-6-16] com.sap.core.connectivity.tunnel.core.handlers.AbstractErrorHandler: Input/output exception in forwarding proxy: java.io.IOException: An existing connection was forcibly closed by the remote host
2018-01-09 15:20:59,332 ERROR [forwardingproxy-6-19] com.sap.core.connectivity.tunnel.core.handlers.AbstractErrorHandler: Input/output exception in forwarding proxy: java.io.IOException: An existing connection was forcibly closed by the remote host
2018-01-09 15:20:59,332 ERROR [forwardingproxy-6-18] com.sap.core.connectivity.tunnel.core.handlers.AbstractErrorHandler: Input/output exception in forwarding proxy: java.io.IOException: An existing connection was forcibly closed by the remote host
2018-01-09 15:23:08,273 ERROR [forwardingproxy-6-20] com.sap.core.connectivity.tunnel.core.handlers.AbstractErrorHandler: Input/output exception in forwarding proxy: java.io.IOException: An existing connection was forcibly closed by the remote host
2018-01-09 15:23:08,273 ERROR [forwardingproxy-6-3] com.sap.core.connectivity.tunnel.core.handlers.AbstractErrorHandler: Input/output exception in forwarding proxy: java.io.IOException: An existing connection was forcibly closed by the remote host
2018-01-09 15:23:08,273 ERROR [forwardingproxy-6-2] com.sap.core.connectivity.tunnel.core.handlers.AbstractErrorHandler: Input/output exception in forwarding proxy: java.io.IOException: An existing connection was forcibly closed by the remote host
2018-01-09 15:23:08,273 ERROR [forwardingproxy-6-1] com.sap.core.connectivity.tunnel.core.handlers.AbstractErrorHandler: Input/output exception in forwarding proxy: java.io.IOException: An existing connection was forcibly closed by the remote host
2018-01-09 15:29:49,157 ERROR [forwardingproxy-6-6] com.sap.core.connectivity.tunnel.core.handlers.AbstractErrorHandler: Input/output exception in forwarding proxy: java.io.IOException: An existing connection was forcibly closed by the remote host
2018-01-09 15:29:49,158 ERROR [forwardingproxy-6-4] com.sap.core.connectivity.tunnel.core.handlers.AbstractErrorHandler: Input/output exception in forwarding proxy: java.io.IOException: An existing connection was forcibly closed by the remote host
2018-01-09 15:29:49,159 ERROR [forwardingproxy-6-7] com.sap.core.connectivity.tunnel.core.handlers.AbstractErrorHandler: Input/output exception in forwarding proxy: java.io.IOException: An existing connection was forcibly closed by the remote host
2018-01-09 15:29:49,159 ERROR [forwardingproxy-6-5] com.sap.core.connectivity.tunnel.core.handlers.AbstractErrorHandler: Input/output exception in forwarding proxy: java.io.IOException: An existing connection was forcibly closed by the remote host
2018-01-09 15:29:49,160 ERROR [forwardingproxy-6-9] com.sap.core.connectivity.tunnel.core.handlers.AbstractErrorHandler: Input/output exception in forwarding proxy: java.io.IOException: An existing connection was forcibly closed by the remote host
2018-01-09 15:29:49,160 ERROR [forwardingproxy-6-8] com.sap.core.connectivity.tunnel.core.handlers.AbstractErrorHandler: Input/output exception in forwarding proxy: java.io.IOException: An existing connection was forcibly closed by the remote host
2018-01-09 15:29:49,161 ERROR [forwardingproxy-6-10] com.sap.core.connectivity.tunnel.core.handlers.AbstractErrorHandler: Input/output exception in forwarding proxy: java.io.IOException: An existing connection was forcibly closed by the remote host
2018-01-09 15:31:34,611 ERROR [forwardingproxy-6-14] com.sap.core.connectivity.tunnel.core.handlers.AbstractErrorHandler: Input/output exception in forwarding proxy: java.io.IOException: An existing connection was forcibly closed by the remote host
2018-01-09 15:31:34,611 ERROR [forwardingproxy-6-13] com.sap.core.connectivity.tunnel.core.handlers.AbstractErrorHandler: Input/output exception in forwarding proxy: java.io.IOException: An existing connection was forcibly closed by the remote host
2018-01-09 15:31:34,611 ERROR [forwardingproxy-6-12] com.sap.core.connectivity.tunnel.core.handlers.AbstractErrorHandler: Input/output exception in forwarding proxy: java.io.IOException: An existing connection was forcibly closed by the remote host
2018-01-09 15:31:34,611 ERROR [forwardingproxy-6-11] com.sap.core.connectivity.tunnel.core.handlers.AbstractErrorHandler: Input/output exception in forwarding proxy: java.io.IOException: An existing connection was forcibly closed by the remote host
2018-01-09 15:31:34,612 ERROR [forwardingproxy-6-15] com.sap.core.connectivity.tunnel.core.handlers.AbstractErrorHandler: Input/output exception in forwarding proxy: java.io.IOException: An existing connection was forcibly closed by the remote host
2018-01-09 15:33:46,379 ERROR [forwardingproxy-6-16] com.sap.core.connectivity.tunnel.core.handlers.AbstractErrorHandler: Input/output exception in forwarding proxy: java.io.IOException: An existing connection was forcibly closed by the remote host
2018-01-09 15:33:46,379 ERROR [forwardingproxy-6-18] com.sap.core.connectivity.tunnel.core.handlers.AbstractErrorHandler: Input/output exception in forwarding proxy: java.io.IOException: An existing connection was forcibly closed by the remote host
2018-01-09 15:33:46,379 ERROR [forwardingproxy-6-17] com.sap.core.connectivity.tunnel.core.handlers.AbstractErrorHandler: Input/output exception in forwarding proxy: java.io.IOException: An existing connection was forcibly closed by the remote host
2018-01-09 15:33:46,380 ERROR [forwardingproxy-6-19] com.sap.core.connectivity.tunnel.core.handlers.AbstractErrorHandler: Input/output exception in forwarding proxy: java.io.IOException: An existing connection was forcibly closed by the remote host
2018-01-09 15:34:34,692 ERROR [forwardingproxy-6-1] com.sap.core.connectivity.tunnel.core.handlers.AbstractErrorHandler: Input/output exception in forwarding proxy: java.io.IOException: An existing connection was forcibly closed by the remote host
2018-01-09 15:34:34,693 ERROR [forwardingproxy-6-3] com.sap.core.connectivity.tunnel.core.handlers.AbstractErrorHandler: Input/output exception in forwarding proxy: java.io.IOException: An existing connection was forcibly closed by the remote host
2018-01-09 15:34:34,693 ERROR [forwardingproxy-6-2] com.sap.core.connectivity.tunnel.core.handlers.AbstractErrorHandler: Input/output exception in forwarding proxy: java.io.IOException: An existing connection was forcibly closed by the remote host
2018-01-09 15:34:34,692 ERROR [forwardingproxy-6-20] com.sap.core.connectivity.tunnel.core.handlers.AbstractErrorHandler: Input/output exception in forwarding proxy: java.io.IOException: An existing connection was forcibly closed by the remote host
2018-01-09 15:34:34,695 ERROR [forwardingproxy-6-4] com.sap.core.connectivity.tunnel.core.handlers.AbstractErrorHandler: Input/output exception in forwarding proxy: java.io.IOException: An existing connection was forcibly closed by the remote host
2018-01-09 15:40:36,308 ERROR [forwardingproxy-6-6] com.sap.core.connectivity.tunnel.core.handlers.AbstractErrorHandler: Input/output exception in forwarding proxy: java.io.IOException: An existing connection was forcibly closed by the remote host
2018-01-09 15:40:36,308 ERROR [forwardingproxy-6-5] com.sap.core.connectivity.tunnel.core.handlers.AbstractErrorHandler: Input/output exception in forwarding proxy: java.io.IOException: An existing connection was forcibly closed by the remote host
2018-01-09 15:40:36,310 ERROR [forwardingproxy-6-8] com.sap.core.connectivity.tunnel.core.handlers.AbstractErrorHandler: Input/output exception in forwarding proxy: java.io.IOException: An existing connection was forcibly closed by the remote host
2018-01-09 15:40:36,310 ERROR [forwardingproxy-6-7] com.sap.core.connectivity.tunnel.core.handlers.AbstractErrorHandler: Input/output exception in forwarding proxy: java.io.IOException: An existing connection was forcibly closed by the remote host
2018-01-09 15:47:03,712 ERROR [forwardingproxy-6-11] com.sap.core.connectivity.tunnel.core.handlers.AbstractErrorHandler: Input/output exception in forwarding proxy: java.io.IOException: An existing connection was forcibly closed by the remote host
2018-01-09 15:47:03,712 ERROR [forwardingproxy-6-9] com.sap.core.connectivity.tunnel.core.handlers.AbstractErrorHandler: Input/output exception in forwarding proxy: java.io.IOException: An existing connection was forcibly closed by the remote host
2018-01-09 15:47:03,715 ERROR [forwardingproxy-6-10] com.sap.core.connectivity.tunnel.core.handlers.AbstractErrorHandler: Input/output exception in forwarding proxy: java.io.IOException: An existing connection was forcibly closed by the remote host
2018-01-09 15:47:03,716 ERROR [forwardingproxy-6-12] com.sap.core.connectivity.tunnel.core.handlers.AbstractErrorHandler: Input/output exception in forwarding proxy: java.io.IOException: An existing connection was forcibly closed by the remote host
2018-01-09 15:47:36,663 ERROR [forwardingproxy-6-14] com.sap.core.connectivity.tunnel.core.handlers.AbstractErrorHandler: Input/output exception in forwarding proxy: java.io.IOException: An existing connection was forcibly closed by the remote host
2018-01-09 15:47:36,663 ERROR [forwardingproxy-6-13] com.sap.core.connectivity.tunnel.core.handlers.AbstractErrorHandler: Input/output exception in forwarding proxy: java.io.IOException: An existing connection was forcibly closed by the remote host
2018-01-09 15:50:21,909 ERROR [forwardingproxy-6-17] com.sap.core.connectivity.tunnel.core.handlers.AbstractErrorHandler: Input/output exception in forwarding proxy: java.io.IOException: An existing connection was forcibly closed by the remote host
2018-01-09 15:50:21,909 ERROR [forwardingproxy-6-18] com.sap.core.connectivity.tunnel.core.handlers.AbstractErrorHandler: Input/output exception in forwarding proxy: java.io.IOException: An existing connection was forcibly closed by the remote host
2018-01-09 15:50:21,912 ERROR [forwardingproxy-6-15] com.sap.core.connectivity.tunnel.core.handlers.AbstractErrorHandler: Input/output exception in forwarding proxy: java.io.IOException: An existing connection was forcibly closed by the remote host
2018-01-09 15:50:21,912 ERROR [forwardingproxy-6-16] com.sap.core.connectivity.tunnel.core.handlers.AbstractErrorHandler: Input/output exception in forwarding proxy: java.io.IOException: An existing connection was forcibly closed by the remote host
2018-01-09 15:51:13,398 ERROR [forwardingproxy-6-19] com.sap.core.connectivity.tunnel.core.handlers.AbstractErrorHandler: Input/output exception in forwarding proxy: java.io.IOException: An existing connection was forcibly closed by the remote host
2018-01-09 15:51:13,398 ERROR [forwardingproxy-6-1] com.sap.core.connectivity.tunnel.core.handlers.AbstractErrorHandler: Input/output exception in forwarding proxy: java.io.IOException: An existing connection was forcibly closed by the remote host
2018-01-09 15:51:13,398 ERROR [forwardingproxy-6-20] com.sap.core.connectivity.tunnel.core.handlers.AbstractErrorHandler: Input/output exception in forwarding proxy: java.io.IOException: An existing connection was forcibly closed by the remote host
2018-01-09 15:51:13,398 ERROR [forwardingproxy-6-2] com.sap.core.connectivity.tunnel.core.handlers.AbstractErrorHandler: Input/output exception in forwarding proxy: java.io.IOException: An existing connection was forcibly closed by the remote host
2018-01-09 15:56:14,699 ERROR [forwardingproxy-6-3] com.sap.core.connectivity.tunnel.core.handlers.AbstractErrorHandler: Input/output exception in forwarding proxy: java.io.IOException: An existing connection was forcibly closed by the remote host
2018-01-09 15:56:14,699 ERROR [forwardingproxy-6-4] com.sap.core.connectivity.tunnel.core.handlers.AbstractErrorHandler: Input/output exception in forwarding proxy: java.io.IOException: An existing connection was forcibly closed by the remote host
2018-01-09 15:56:14,700 ERROR [forwardingproxy-6-5] com.sap.core.connectivity.tunnel.core.handlers.AbstractErrorHandler: Input/output exception in forwarding proxy: java.io.IOException: An existing connection was forcibly closed by the remote host
2018-01-09 15:56:14,699 ERROR [forwardingproxy-6-6] com.sap.core.connectivity.tunnel.core.handlers.AbstractErrorHandler: Input/output exception in forwarding proxy: java.io.IOException: An existing connection was forcibly closed by the remote host
2018-01-09 15:57:57,627 ERROR [forwardingproxy-6-9] com.sap.core.connectivity.tunnel.core.handlers.AbstractErrorHandler: Input/output exception in forwarding proxy: java.io.IOException: An existing connection was forcibly closed by the remote host
2018-01-09 15:57:57,627 ERROR [forwardingproxy-6-7] com.sap.core.connectivity.tunnel.core.handlers.AbstractErrorHandler: Input/output exception in forwarding proxy: java.io.IOException: An existing connection was forcibly closed by the remote host
2018-01-09 15:57:57,627 ERROR [forwardingproxy-6-10] com.sap.core.connectivity.tunnel.core.handlers.AbstractErrorHandler: Input/output exception in forwarding proxy: java.io.IOException: An existing connection was forcibly closed by the remote host
2018-01-09 15:57:57,627 ERROR [forwardingproxy-6-8] com.sap.core.connectivity.tunnel.core.handlers.AbstractErrorHandler: Input/output exception in forwarding proxy: java.io.IOException: An existing connection was forcibly closed by the remote host
2018-01-09 16:01:53,273 ERROR [forwardingproxy-6-12] com.sap.core.connectivity.tunnel.core.handlers.AbstractErrorHandler: Input/output exception in forwarding proxy: java.io.IOException: An existing connection was forcibly closed by the remote host
2018-01-09 16:01:53,274 ERROR [forwardingproxy-6-14] com.sap.core.connectivity.tunnel.core.handlers.AbstractErrorHandler: Input/output exception in forwarding proxy: java.io.IOException: An existing connection was forcibly closed by the remote host
2018-01-09 16:01:53,274 ERROR [forwardingproxy-6-13] com.sap.core.connectivity.tunnel.core.handlers.AbstractErrorHandler: Input/output exception in forwarding proxy: java.io.IOException: An existing connection was forcibly closed by the remote host
2018-01-09 16:01:53,273 ERROR [forwardingproxy-6-11] com.sap.core.connectivity.tunnel.core.handlers.AbstractErrorHandler: Input/output exception in forwarding proxy: java.io.IOException: An existing connection was forcibly closed by the remote host
2018-01-09 16:14:51,696 ERROR [forwardingproxy-6-15] com.sap.core.connectivity.tunnel.core.handlers.AbstractErrorHandler: Input/output exception in forwarding proxy: java.io.IOException: An existing connection was forcibly closed by the remote host
2018-01-09 16:14:51,696 ERROR [forwardingproxy-6-16] com.sap.core.connectivity.tunnel.core.handlers.AbstractErrorHandler: Input/output exception in forwarding proxy: java.io.IOException: An existing connection was forcibly closed by the remote host
2018-01-09 16:14:51,697 ERROR [forwardingproxy-6-18] com.sap.core.connectivity.tunnel.core.handlers.AbstractErrorHandler: Input/output exception in forwarding proxy: java.io.IOException: An existing connection was forcibly closed by the remote host
2018-01-09 16:14:51,696 ERROR [forwardingproxy-6-17] com.sap.core.connectivity.tunnel.core.handlers.AbstractErrorHandler: Input/output exception in forwarding proxy: java.io.IOException: An existing connection was forcibly closed by the remote host
2018-01-09 16:17:49,363 ERROR [forwardingproxy-6-20] com.sap.core.connectivity.tunnel.core.handlers.AbstractErrorHandler: Input/output exception in forwarding proxy: java.io.IOException: An existing connection was forcibly closed by the remote host
2018-01-09 16:17:49,363 ERROR [forwardingproxy-6-19] com.sap.core.connectivity.tunnel.core.handlers.AbstractErrorHandler: Input/output exception in forwarding proxy: java.io.IOException: An existing connection was forcibly closed by the remote host
2018-01-09 16:17:49,364 ERROR [forwardingproxy-6-2] com.sap.core.connectivity.tunnel.core.handlers.AbstractErrorHandler: Input/output exception in forwarding proxy: java.io.IOException: An existing connection was forcibly closed by the remote host
2018-01-09 16:17:49,363 ERROR [forwardingproxy-6-1] com.sap.core.connectivity.tunnel.core.handlers.AbstractErrorHandler: Input/output exception in forwarding proxy: java.io.IOException: An existing connection was forcibly closed by the remote host
2018-01-09 16:18:54,109 ERROR [forwardingproxy-6-3] com.sap.core.connectivity.tunnel.core.handlers.AbstractErrorHandler: Input/output exception in forwarding proxy: java.io.IOException: An existing connection was forcibly closed by the remote host
2018-01-09 16:18:54,109 ERROR [forwardingproxy-6-6] com.sap.core.connectivity.tunnel.core.handlers.AbstractErrorHandler: Input/output exception in forwarding proxy: java.io.IOException: An existing connection was forcibly closed by the remote host
2018-01-09 16:18:54,110 ERROR [forwardingproxy-6-7] com.sap.core.connectivity.tunnel.core.handlers.AbstractErrorHandler: Input/output exception in forwarding proxy: java.io.IOException: An existing connection was forcibly closed by the remote host
2018-01-09 16:18:54,109 ERROR [forwardingproxy-6-4] com.sap.core.connectivity.tunnel.core.handlers.AbstractErrorHandler: Input/output exception in forwarding proxy: java.io.IOException: An existing connection was forcibly closed by the remote host
2018-01-09 16:18:54,109 ERROR [forwardingproxy-6-5] com.sap.core.connectivity.tunnel.core.handlers.AbstractErrorHandler: Input/output exception in forwarding proxy: java.io.IOException: An existing connection was forcibly closed by the remote host
2018-01-09 16:18:54,113 ERROR [forwardingproxy-6-10] com.sap.core.connectivity.tunnel.core.handlers.AbstractErrorHandler: Input/output exception in forwarding proxy: java.io.IOException: An existing connection was forcibly closed by the remote host
2018-01-09 16:18:54,110 ERROR [forwardingproxy-6-9] com.sap.core.connectivity.tunnel.core.handlers.AbstractErrorHandler: Input/output exception in forwarding proxy: java.io.IOException: An existing connection was forcibly closed by the remote host
2018-01-09 16:18:54,110 ERROR [forwardingproxy-6-8] com.sap.core.connectivity.tunnel.core.handlers.AbstractErrorHandler: Input/output exception in forwarding proxy: java.io.IOException: An existing connection was forcibly closed by the remote host
2018-01-09 16:28:20,226 ERROR [forwardingproxy-6-12] com.sap.core.connectivity.tunnel.core.handlers.AbstractErrorHandler: Input/output exception in forwarding proxy: java.io.IOException: An existing connection was forcibly closed by the remote host
2018-01-09 16:28:20,226 ERROR [forwardingproxy-6-13] com.sap.core.connectivity.tunnel.core.handlers.AbstractErrorHandler: Input/output exception in forwarding proxy: java.io.IOException: An existing connection was forcibly closed by the remote host
2018-01-09 16:28:20,226 ERROR [forwardingproxy-6-14] com.sap.core.connectivity.tunnel.core.handlers.AbstractErrorHandler: Input/output exception in forwarding proxy: java.io.IOException: An existing connection was forcibly closed by the remote host
2018-01-09 16:28:20,226 ERROR [forwardingproxy-6-11] com.sap.core.connectivity.tunnel.core.handlers.AbstractErrorHandler: Input/output exception in forwarding proxy: java.io.IOException: An existing connection was forcibly closed by the remote host
2018-01-09 16:36:23,581 ERROR [forwardingproxy-6-18] com.sap.core.connectivity.tunnel.core.handlers.AbstractErrorHandler: Input/output exception in forwarding proxy: java.io.IOException: An existing connection was forcibly closed by the remote host
2018-01-09 16:36:23,582 ERROR [forwardingproxy-6-17] com.sap.core.connectivity.tunnel.core.handlers.AbstractErrorHandler: Input/output exception in forwarding proxy: java.io.IOException: An existing connection was forcibly closed by the remote host
2018-01-09 16:36:23,582 ERROR [forwardingproxy-6-15] com.sap.core.connectivity.tunnel.core.handlers.AbstractErrorHandler: Input/output exception in forwarding proxy: java.io.IOException: An existing connection was forcibly closed by the remote host
2018-01-09 16:36:23,582 ERROR [forwardingproxy-6-16] com.sap.core.connectivity.tunnel.core.handlers.AbstractErrorHandler: Input/output exception in forwarding proxy: java.io.IOException: An existing connection was forcibly closed by the remote host
2018-01-09 16:38:46,131 ERROR [forwardingproxy-6-20] com.sap.core.connectivity.tunnel.core.handlers.AbstractErrorHandler: Input/output exception in forwarding proxy: java.io.IOException: An existing connection was forcibly closed by the remote host
2018-01-09 16:38:46,132 ERROR [forwardingproxy-6-19] com.sap.core.connectivity.tunnel.core.handlers.AbstractErrorHandler: Input/output exception in forwarding proxy: java.io.IOException: An existing connection was forcibly closed by the remote host
2018-01-09 16:38:46,132 ERROR [forwardingproxy-6-2] com.sap.core.connectivity.tunnel.core.handlers.AbstractErrorHandler: Input/output exception in forwarding proxy: java.io.IOException: An existing connection was forcibly closed by the remote host
2018-01-09 16:38:46,131 ERROR [forwardingproxy-6-1] com.sap.core.connectivity.tunnel.core.handlers.AbstractErrorHandler: Input/output exception in forwarding proxy: java.io.IOException: An existing connection was forcibly closed by the remote host
2018-01-09 16:39:50,732 ERROR [forwardingproxy-6-5] com.sap.core.connectivity.tunnel.core.handlers.AbstractErrorHandler: Input/output exception in forwarding proxy: java.io.IOException: An existing connection was forcibly closed by the remote host
2018-01-09 16:39:50,733 ERROR [forwardingproxy-6-4] com.sap.core.connectivity.tunnel.core.handlers.AbstractErrorHandler: Input/output exception in forwarding proxy: java.io.IOException: An existing connection was forcibly closed by the remote host
2018-01-09 16:39:50,732 ERROR [forwardingproxy-6-3] com.sap.core.connectivity.tunnel.core.handlers.AbstractErrorHandler: Input/output exception in forwarding proxy: java.io.IOException: An existing connection was forcibly closed by the remote host
2018-01-09 16:39:50,732 ERROR [forwardingproxy-6-6] com.sap.core.connectivity.tunnel.core.handlers.AbstractErrorHandler: Input/output exception in forwarding proxy: java.io.IOException: An existing connection was forcibly closed by the remote host
2018-01-09 16:41:12,851 ERROR [forwardingproxy-6-9] com.sap.core.connectivity.tunnel.core.handlers.AbstractErrorHandler: Input/output exception in forwarding proxy: java.io.IOException: An existing connection was forcibly closed by the remote host
2018-01-09 16:41:12,852 ERROR [forwardingproxy-6-11] com.sap.core.connectivity.tunnel.core.handlers.AbstractErrorHandler: Input/output exception in forwarding proxy: java.io.IOException: An existing connection was forcibly closed by the remote host
2018-01-09 16:41:12,851 ERROR [forwardingproxy-6-8] com.sap.core.connectivity.tunnel.core.handlers.AbstractErrorHandler: Input/output exception in forwarding proxy: java.io.IOException: An existing connection was forcibly closed by the remote host
2018-01-09 16:41:12,851 ERROR [forwardingproxy-6-10] com.sap.core.connectivity.tunnel.core.handlers.AbstractErrorHandler: Input/output exception in forwarding proxy: java.io.IOException: An existing connection was forcibly closed by the remote host
2018-01-09 16:41:12,851 ERROR [forwardingproxy-6-7] com.sap.core.connectivity.tunnel.core.handlers.AbstractErrorHandler: Input/output exception in forwarding proxy: java.io.IOException: An existing connection was forcibly closed by the remote host
2018-01-09 16:51:25,400 ERROR [forwardingproxy-6-16] com.sap.core.connectivity.tunnel.core.handlers.AbstractErrorHandler: Input/output exception in forwarding proxy: java.io.IOException: An existing connection was forcibly closed by the remote host
2018-01-09 16:51:25,401 ERROR [forwardingproxy-6-15] com.sap.core.connectivity.tunnel.core.handlers.AbstractErrorHandler: Input/output exception in forwarding proxy: java.io.IOException: An existing connection was forcibly closed by the remote host
2018-01-09 16:51:25,400 ERROR [forwardingproxy-6-13] com.sap.core.connectivity.tunnel.core.handlers.AbstractErrorHandler: Input/output exception in forwarding proxy: java.io.IOException: An existing connection was forcibly closed by the remote host
2018-01-09 16:51:25,400 ERROR [forwardingproxy-6-14] com.sap.core.connectivity.tunnel.core.handlers.AbstractErrorHandler: Input/output exception in forwarding proxy: java.io.IOException: An existing connection was forcibly closed by the remote host
2018-01-09 16:51:25,400 ERROR [forwardingproxy-6-12] com.sap.core.connectivity.tunnel.core.handlers.AbstractErrorHandler: Input/output exception in forwarding proxy: java.io.IOException: An existing connection was forcibly closed by the remote host
2018-01-09 20:44:08,048 ERROR [tunnelclient-2-1] com.sap.core.connectivity.tunnel.core.handlers.TunnelErrorHandler: Unexpected problem during tunnel processing in channel [id: 0xfe01ac4c, L:/172.16.30.183:55042 - R:connectivitytunnel.hanatrial.ondemand.com/155.56.219.27:443]; Reason: An existing connection was forcibly closed by the remote host
2018-01-09 20:44:17,648 INFO  [tunnelclient-2-1] com.sap.core.connectivity.tunnel.core.impl.context.TunnelRegistryImpl: Unregistered tunnel channel [id: 0xfe01ac4c, L:/172.16.30.183:55042 ! R:connectivitytunnel.hanatrial.ondemand.com/155.56.219.27:443] for tunnel id "jdbc:///demodb/t31ab7f44c8cb4a2385d33e4ce5632713"
2018-01-09 20:44:18,515 INFO  [tunnelclient-2-1] com.sap.core.connectivity.tunnel.core.impl.context.TunnelRegistryImpl: Close tunnel with id "jdbc:///demodb/t31ab7f44c8cb4a2385d33e4ce5632713" and client id "0cb0b563-b66f-4e56-93a7-7273a4fc748f"
