2018-02-13 18:27:03,292 INFO  [main] com.sap.jpaas.infrastructure.console.ConsoleLogger: Arguments:   -a af91a028a -u p1942289352 -h eu1.hana.ondemand.com --id i4t -p ********
2018-02-13 18:27:05,050 INFO  [main] com.sap.jpaas.infrastructure.console.ConsoleLogger: Starting execution of command [open-db-tunnel]
2018-02-13 18:27:05,066 ERROR [main] com.sap.jpaas.infrastructure.console.version.VersionUtilities: There is no config file: D:\Codes\PMC\GIT Services\cw-workbox\workbox\util\tools\neo_tools\.\..\sdk.version
java.io.FileNotFoundException: D:\Codes\PMC\GIT Services\cw-workbox\workbox\util\tools\neo_tools\.\..\sdk.version (The system cannot find the file specified)
	at java.io.FileInputStream.open0(Native Method)
	at java.io.FileInputStream.open(FileInputStream.java:195)
	at java.io.FileInputStream.<init>(FileInputStream.java:138)
	at com.sap.jpaas.infrastructure.console.version.VersionUtilities.readSDKVersionProperties(VersionUtilities.java:52)
	at com.sap.jpaas.infrastructure.console.version.VersionUtilities.<clinit>(VersionUtilities.java:42)
	at com.sap.jpaas.infrastructure.console.VersionValidityCheckProvider.<init>(VersionValidityCheckProvider.java:40)
	at com.sap.jpaas.infrastructure.console.command.UnsecuredRemoteCommand.blockingOptimizedCheck(UnsecuredRemoteCommand.java:128)
	at com.sap.jpaas.infrastructure.console.command.UnsecuredRemoteCommand.performVersionValidityCheck(UnsecuredRemoteCommand.java:75)
	at com.sap.jpaas.infrastructure.console.command.UnsecuredRemoteCommand.initWithHostOnlyCheck(UnsecuredRemoteCommand.java:68)
	at com.sap.jpaas.infrastructure.console.command.RemoteCommand.initWithNoPasswordCheck(RemoteCommand.java:44)
	at com.sap.jpaas.infrastructure.console.command.RemoteCommand.init(RemoteCommand.java:39)
	at com.sap.core.persistence.commands.AbstractAccountCommand.init(AbstractAccountCommand.java:36)
	at com.sap.core.persistence.commands.tunnel.OpenDbTunnelCommand.init(OpenDbTunnelCommand.java:65)
	at com.sap.jpaas.infrastructure.console.CommandManager.run(CommandManager.java:171)
	at com.sap.jpaas.infrastructure.console.CommandManager.run(CommandManager.java:144)
	at com.sap.jpaas.infrastructure.console.ConsoleClient.executeCommand(ConsoleClient.java:242)
	at com.sap.jpaas.infrastructure.console.ConsoleClient.run(ConsoleClient.java:184)
	at com.sap.jpaas.infrastructure.console.ConsoleClient.main(ConsoleClient.java:80)
2018-02-13 18:27:05,084 ERROR [main] com.sap.jpaas.infrastructure.console.version.VersionUtilities: The runtime type [unknown] or version [unknown] are not correct.
java.lang.IllegalArgumentException: invalid version "unknown": non-numeric "unknown"
	at com.sap.core.utils.sdk.status.Version.parseInt(Version.java:95)
	at com.sap.core.utils.sdk.status.Version.<init>(Version.java:71)
	at com.sap.jpaas.infrastructure.console.version.VersionUtilities.parseRuntime(VersionUtilities.java:148)
	at com.sap.jpaas.infrastructure.console.VersionValidityCheckProvider.<init>(VersionValidityCheckProvider.java:41)
	at com.sap.jpaas.infrastructure.console.command.UnsecuredRemoteCommand.blockingOptimizedCheck(UnsecuredRemoteCommand.java:128)
	at com.sap.jpaas.infrastructure.console.command.UnsecuredRemoteCommand.performVersionValidityCheck(UnsecuredRemoteCommand.java:75)
	at com.sap.jpaas.infrastructure.console.command.UnsecuredRemoteCommand.initWithHostOnlyCheck(UnsecuredRemoteCommand.java:68)
	at com.sap.jpaas.infrastructure.console.command.RemoteCommand.initWithNoPasswordCheck(RemoteCommand.java:44)
	at com.sap.jpaas.infrastructure.console.command.RemoteCommand.init(RemoteCommand.java:39)
	at com.sap.core.persistence.commands.AbstractAccountCommand.init(AbstractAccountCommand.java:36)
	at com.sap.core.persistence.commands.tunnel.OpenDbTunnelCommand.init(OpenDbTunnelCommand.java:65)
	at com.sap.jpaas.infrastructure.console.CommandManager.run(CommandManager.java:171)
	at com.sap.jpaas.infrastructure.console.CommandManager.run(CommandManager.java:144)
	at com.sap.jpaas.infrastructure.console.ConsoleClient.executeCommand(ConsoleClient.java:242)
	at com.sap.jpaas.infrastructure.console.ConsoleClient.run(ConsoleClient.java:184)
	at com.sap.jpaas.infrastructure.console.ConsoleClient.main(ConsoleClient.java:80)
Caused by: java.lang.NumberFormatException: For input string: "unknown"
	at java.lang.NumberFormatException.forInputString(NumberFormatException.java:65)
	at java.lang.Integer.parseInt(Integer.java:580)
	at java.lang.Integer.parseInt(Integer.java:615)
	at com.sap.core.utils.sdk.status.Version.parseInt(Version.java:93)
	... 15 more
2018-02-13 18:27:05,091 ERROR [pool-2-thread-1] com.sap.jpaas.infrastructure.console.ConsoleLogger: There was a problem obtaining version or runtime status of your SDK and the status cannot be defined. This should not affect the command's execution.
2018-02-13 18:27:05,091 INFO  [main] com.sap.jpaas.infrastructure.console.ConsoleLogger: Version validity check is completed
2018-02-13 18:27:05,093 INFO  [main] com.sap.jpaas.infrastructure.console.ConsoleLogger: Command [open-db-tunnel] init() finished for [43] ms
2018-02-13 18:27:05,113 INFO  [main] com.sap.core.tunnelcommands.framework.executor.CommandTunnelRequestExecutor: CommandTunnelRequestExecutor.executeRequest() called for command [open-db-tunnel] (version: 1.2.0)
2018-02-13 18:27:14,639 INFO  [tunnelclient-2-1] com.sap.core.connectivity.tunnel.client.handshake.ClientProtocolHandshaker: Sending handshake request for tunnel: jdbc:///i4t/t2b5259f0522a4a8babf65b32c8b3675f and host connectivitytunnel.eu1.hana.ondemand.com
2018-02-13 18:27:16,806 INFO  [tunnelclient-2-1] com.sap.core.connectivity.tunnel.core.impl.context.TunnelRegistryImpl: Registered tunnel channel [id: 0xa88acf2e, L:/10.200.10.218:63473 - R:connectivitytunnel.eu1.hana.ondemand.com/155.56.210.84:443] for tunnel id "jdbc:///i4t/t2b5259f0522a4a8babf65b32c8b3675f" and client id "151ee30a-a442-47dc-970b-29067e981b0d"
2018-02-13 18:27:16,810 INFO  [main] com.sap.core.connectivity.tunnel.client.AbstractTunnelClient: Successfully established tunnel: [id: 0xa88acf2e, L:/10.200.10.218:63473 - R:connectivitytunnel.eu1.hana.ondemand.com/155.56.210.84:443]
2018-02-13 18:27:19,255 INFO  [main] com.sap.core.connectivity.tunnel.core.impl.proxy.AbstractProxyServer: Started proxy server at port: 30015
2018-02-13 18:27:19,255 INFO  [main] com.sap.core.connectivity.tunnel.core.impl.proxy.AbstractProxyServer: Proxy server pool size: 20
2018-02-13 18:27:19,255 INFO  [main] com.sap.core.connectivity.tunnel.core.impl.proxy.AbstractProxyServer: Proxy server max heap per channel: 4194304
2018-02-13 18:27:19,255 INFO  [main] com.sap.core.connectivity.tunnel.core.impl.proxy.AbstractProxyServer: Proxy server max heap for all channels: 134217728
2018-02-13 18:56:23,320 ERROR [forwardingproxy-6-3] com.sap.core.connectivity.tunnel.core.handlers.AbstractErrorHandler: Input/output exception in forwarding proxy: java.io.IOException: An existing connection was forcibly closed by the remote host
2018-02-13 18:56:23,366 ERROR [forwardingproxy-6-2] com.sap.core.connectivity.tunnel.core.handlers.AbstractErrorHandler: Input/output exception in forwarding proxy: java.io.IOException: An existing connection was forcibly closed by the remote host
2018-02-13 22:33:37,771 ERROR [tunnelclient-2-1] com.sap.core.connectivity.tunnel.core.handlers.TunnelErrorHandler: Unexpected problem during tunnel processing in channel [id: 0xa88acf2e, L:/10.200.10.218:63473 - R:connectivitytunnel.eu1.hana.ondemand.com/155.56.210.84:443]; Reason: An existing connection was forcibly closed by the remote host
2018-02-13 22:33:37,795 INFO  [tunnelclient-2-1] com.sap.core.connectivity.tunnel.core.impl.context.TunnelRegistryImpl: Unregistered tunnel channel [id: 0xa88acf2e, L:/10.200.10.218:63473 ! R:connectivitytunnel.eu1.hana.ondemand.com/155.56.210.84:443] for tunnel id "jdbc:///i4t/t2b5259f0522a4a8babf65b32c8b3675f"
2018-02-13 22:33:37,799 INFO  [tunnelclient-2-1] com.sap.core.connectivity.tunnel.core.impl.context.TunnelRegistryImpl: Close tunnel with id "jdbc:///i4t/t2b5259f0522a4a8babf65b32c8b3675f" and client id "151ee30a-a442-47dc-970b-29067e981b0d"
