2017-12-26 13:27:17,915 INFO  [main] com.sap.jpaas.infrastructure.console.ConsoleLogger: Arguments:   -a af91a028a -u P1942566911 -h eu1.hana.ondemand.com -i P1942566911 -p ********
2017-12-26 13:27:19,492 INFO  [main] com.sap.jpaas.infrastructure.console.ConsoleLogger: Starting execution of command [open-db-tunnel]
2017-12-26 13:27:19,619 INFO  [main] com.sap.jpaas.infrastructure.console.ConsoleLogger: Version validity check is completed
2017-12-26 13:27:19,620 INFO  [main] com.sap.jpaas.infrastructure.console.ConsoleLogger: Command [open-db-tunnel] init() finished for [127] ms
2017-12-26 13:27:19,634 INFO  [main] com.sap.core.tunnelcommands.framework.executor.CommandTunnelRequestExecutor: CommandTunnelRequestExecutor.executeRequest() called for command [open-db-tunnel] (version: 1.2.0)
2017-12-26 13:27:21,633 INFO  [main] com.sap.jpaas.infrastructure.console.ConsoleLogger: Command [open-db-tunnel] cleanup() finished for [1] ms
2017-12-26 13:27:21,644 FATAL [main] com.sap.jpaas.infrastructure.console.ConsoleLogger: (!) ERROR: Wrong credentials. Enter correct user name and password. Note that your user will be locked after 5 consecutive failed authentication attempts.
com.sap.jpaas.infrastructure.console.exception.SecurityException: Wrong credentials. Enter correct user name and password. Note that your user will be locked after 5 consecutive failed authentication attempts.
	at com.sap.jpaas.infrastructure.console.ConsoleClient.run(ConsoleClient.java:206)
	at com.sap.jpaas.infrastructure.console.ConsoleClient.main(ConsoleClient.java:80)
Caused by: com.sap.core.utils.infrastructure.validation.AuthenticationException: Wrong credentials. Enter correct user name and password. Note that your user will be locked after 5 consecutive failed authentication attempts.
	at com.sap.core.utils.infrastructure.validation.LandscapeHostValidator.validateHttpResponseStatus(LandscapeHostValidator.java:434)
	at com.sap.core.utils.infrastructure.validation.HttpResponseValidator.process(HttpResponseValidator.java:36)
	at org.apache.http.protocol.ImmutableHttpProcessor.process(ImmutableHttpProcessor.java:139)
	at org.apache.http.protocol.HttpRequestExecutor.postProcess(HttpRequestExecutor.java:308)
	at org.apache.http.impl.client.DefaultRequestDirector.execute(DefaultRequestDirector.java:495)
	at org.apache.http.impl.client.AbstractHttpClient.doExecute(AbstractHttpClient.java:863)
	at org.apache.http.impl.client.CloseableHttpClient.execute(CloseableHttpClient.java:82)
	at org.apache.http.impl.client.CloseableHttpClient.execute(CloseableHttpClient.java:57)
	at com.sap.core.tunnelcommands.framework.executor.CommandTunnelRequestExecutor.executeRequest(CommandTunnelRequestExecutor.java:68)
	at com.sap.core.tunnelcommands.framework.executor.CommandTunnelRequestExecutor.executeRequest(CommandTunnelRequestExecutor.java:47)
	at com.sap.core.persistence.commands.tunnel.api.CommandTunnelHandler.performOpenTunnelRequest(CommandTunnelHandler.java:263)
	at com.sap.core.persistence.commands.tunnel.api.CommandTunnelHandler.openTunnel(CommandTunnelHandler.java:133)
	at com.sap.core.persistence.commands.tunnel.OpenDbTunnelCommand.openTunnelInShellProcess(OpenDbTunnelCommand.java:197)
	at com.sap.core.persistence.commands.tunnel.OpenDbTunnelCommand.run(OpenDbTunnelCommand.java:135)
	at com.sap.jpaas.infrastructure.console.CommandManager.run(CommandManager.java:183)
	at com.sap.jpaas.infrastructure.console.CommandManager.run(CommandManager.java:144)
	at com.sap.jpaas.infrastructure.console.ConsoleClient.executeCommand(ConsoleClient.java:242)
	at com.sap.jpaas.infrastructure.console.ConsoleClient.run(ConsoleClient.java:184)
	... 1 more
