2018-01-26 12:12:05,073 INFO  [main] com.sap.jpaas.infrastructure.console.ConsoleLogger: Arguments:   -a af91a028a -u p1942289352 -h eu1.hana.ondemand.com --id i4t -p ********
2018-01-26 12:12:07,315 INFO  [main] com.sap.jpaas.infrastructure.console.ConsoleLogger: Starting execution of command [open-db-tunnel]
2018-01-26 12:12:07,330 ERROR [main] com.sap.jpaas.infrastructure.console.version.VersionUtilities: There is no config file: C:\Users\sai.tharun\Documents\SCP Workspaces\CW-Workbox\cw-workbox\workbox\util\tools\neo_tools\.\..\sdk.version
java.io.FileNotFoundException: C:\Users\sai.tharun\Documents\SCP Workspaces\CW-Workbox\cw-workbox\workbox\util\tools\neo_tools\.\..\sdk.version (The system cannot find the file specified)
	at java.io.FileInputStream.open0(Native Method)
	at java.io.FileInputStream.open(FileInputStream.java:195)
	at java.io.FileInputStream.<init>(FileInputStream.java:138)
	at com.sap.jpaas.infrastructure.console.version.VersionUtilities.readSDKVersionProperties(VersionUtilities.java:52)
	at com.sap.jpaas.infrastructure.console.version.VersionUtilities.<clinit>(VersionUtilities.java:42)
	at com.sap.jpaas.infrastructure.console.VersionValidityCheckProvider.<init>(VersionValidityCheckProvider.java:40)
	at com.sap.jpaas.infrastructure.console.command.UnsecuredRemoteCommand.blockingOptimizedCheck(UnsecuredRemoteCommand.java:128)
	at com.sap.jpaas.infrastructure.console.command.UnsecuredRemoteCommand.performVersionValidityCheck(UnsecuredRemoteCommand.java:75)
	at com.sap.jpaas.infrastructure.console.command.UnsecuredRemoteCommand.initWithHostOnlyCheck(UnsecuredRemoteCommand.java:68)
	at com.sap.jpaas.infrastructure.console.command.RemoteCommand.initWithNoPasswordCheck(RemoteCommand.java:44)
	at com.sap.jpaas.infrastructure.console.command.RemoteCommand.init(RemoteCommand.java:39)
	at com.sap.core.persistence.commands.AbstractAccountCommand.init(AbstractAccountCommand.java:36)
	at com.sap.core.persistence.commands.tunnel.OpenDbTunnelCommand.init(OpenDbTunnelCommand.java:65)
	at com.sap.jpaas.infrastructure.console.CommandManager.run(CommandManager.java:171)
	at com.sap.jpaas.infrastructure.console.CommandManager.run(CommandManager.java:144)
	at com.sap.jpaas.infrastructure.console.ConsoleClient.executeCommand(ConsoleClient.java:242)
	at com.sap.jpaas.infrastructure.console.ConsoleClient.run(ConsoleClient.java:184)
	at com.sap.jpaas.infrastructure.console.ConsoleClient.main(ConsoleClient.java:80)
2018-01-26 12:12:07,344 ERROR [main] com.sap.jpaas.infrastructure.console.version.VersionUtilities: The runtime type [unknown] or version [unknown] are not correct.
java.lang.IllegalArgumentException: invalid version "unknown": non-numeric "unknown"
	at com.sap.core.utils.sdk.status.Version.parseInt(Version.java:95)
	at com.sap.core.utils.sdk.status.Version.<init>(Version.java:71)
	at com.sap.jpaas.infrastructure.console.version.VersionUtilities.parseRuntime(VersionUtilities.java:148)
	at com.sap.jpaas.infrastructure.console.VersionValidityCheckProvider.<init>(VersionValidityCheckProvider.java:41)
	at com.sap.jpaas.infrastructure.console.command.UnsecuredRemoteCommand.blockingOptimizedCheck(UnsecuredRemoteCommand.java:128)
	at com.sap.jpaas.infrastructure.console.command.UnsecuredRemoteCommand.performVersionValidityCheck(UnsecuredRemoteCommand.java:75)
	at com.sap.jpaas.infrastructure.console.command.UnsecuredRemoteCommand.initWithHostOnlyCheck(UnsecuredRemoteCommand.java:68)
	at com.sap.jpaas.infrastructure.console.command.RemoteCommand.initWithNoPasswordCheck(RemoteCommand.java:44)
	at com.sap.jpaas.infrastructure.console.command.RemoteCommand.init(RemoteCommand.java:39)
	at com.sap.core.persistence.commands.AbstractAccountCommand.init(AbstractAccountCommand.java:36)
	at com.sap.core.persistence.commands.tunnel.OpenDbTunnelCommand.init(OpenDbTunnelCommand.java:65)
	at com.sap.jpaas.infrastructure.console.CommandManager.run(CommandManager.java:171)
	at com.sap.jpaas.infrastructure.console.CommandManager.run(CommandManager.java:144)
	at com.sap.jpaas.infrastructure.console.ConsoleClient.executeCommand(ConsoleClient.java:242)
	at com.sap.jpaas.infrastructure.console.ConsoleClient.run(ConsoleClient.java:184)
	at com.sap.jpaas.infrastructure.console.ConsoleClient.main(ConsoleClient.java:80)
Caused by: java.lang.NumberFormatException: For input string: "unknown"
	at java.lang.NumberFormatException.forInputString(NumberFormatException.java:65)
	at java.lang.Integer.parseInt(Integer.java:580)
	at java.lang.Integer.parseInt(Integer.java:615)
	at com.sap.core.utils.sdk.status.Version.parseInt(Version.java:93)
	... 15 more
2018-01-26 12:12:07,349 ERROR [pool-2-thread-1] com.sap.jpaas.infrastructure.console.ConsoleLogger: There was a problem obtaining version or runtime status of your SDK and the status cannot be defined. This should not affect the command's execution.
2018-01-26 12:12:07,349 INFO  [main] com.sap.jpaas.infrastructure.console.ConsoleLogger: Version validity check is completed
2018-01-26 12:12:07,350 INFO  [main] com.sap.jpaas.infrastructure.console.ConsoleLogger: Command [open-db-tunnel] init() finished for [35] ms
2018-01-26 12:12:07,366 INFO  [main] com.sap.core.tunnelcommands.framework.executor.CommandTunnelRequestExecutor: CommandTunnelRequestExecutor.executeRequest() called for command [open-db-tunnel] (version: 1.2.0)
2018-01-26 12:12:12,573 INFO  [tunnelclient-2-1] com.sap.core.connectivity.tunnel.client.handshake.ClientProtocolHandshaker: Sending handshake request for tunnel: jdbc:///i4t/t8d5704730fce467b98121ef62fa50131 and host connectivitytunnel.eu1.hana.ondemand.com
2018-01-26 12:12:13,429 INFO  [tunnelclient-2-1] com.sap.core.connectivity.tunnel.core.impl.context.TunnelRegistryImpl: Registered tunnel channel [id: 0x6975ad0d, L:/172.16.30.87:51662 - R:connectivitytunnel.eu1.hana.ondemand.com/155.56.210.84:443] for tunnel id "jdbc:///i4t/t8d5704730fce467b98121ef62fa50131" and client id "e8594c3e-7d0d-442b-ac4d-19e4eeebe610"
2018-01-26 12:12:13,432 INFO  [main] com.sap.core.connectivity.tunnel.client.AbstractTunnelClient: Successfully established tunnel: [id: 0x6975ad0d, L:/172.16.30.87:51662 - R:connectivitytunnel.eu1.hana.ondemand.com/155.56.210.84:443]
2018-01-26 12:12:15,663 INFO  [main] com.sap.core.connectivity.tunnel.core.impl.proxy.AbstractProxyServer: Started proxy server at port: 30015
2018-01-26 12:12:15,663 INFO  [main] com.sap.core.connectivity.tunnel.core.impl.proxy.AbstractProxyServer: Proxy server pool size: 20
2018-01-26 12:12:15,663 INFO  [main] com.sap.core.connectivity.tunnel.core.impl.proxy.AbstractProxyServer: Proxy server max heap per channel: 4194304
2018-01-26 12:12:15,663 INFO  [main] com.sap.core.connectivity.tunnel.core.impl.proxy.AbstractProxyServer: Proxy server max heap for all channels: 134217728
2018-01-26 12:23:02,811 ERROR [forwardingproxy-6-4] com.sap.core.connectivity.tunnel.core.handlers.AbstractErrorHandler: Input/output exception in forwarding proxy: java.io.IOException: An existing connection was forcibly closed by the remote host
2018-01-26 12:23:19,593 ERROR [forwardingproxy-6-2] com.sap.core.connectivity.tunnel.core.handlers.AbstractErrorHandler: Input/output exception in forwarding proxy: java.io.IOException: An existing connection was forcibly closed by the remote host
2018-01-26 12:23:43,756 ERROR [forwardingproxy-6-6] com.sap.core.connectivity.tunnel.core.handlers.AbstractErrorHandler: Input/output exception in forwarding proxy: java.io.IOException: An existing connection was forcibly closed by the remote host
2018-01-26 12:24:17,951 ERROR [forwardingproxy-6-8] com.sap.core.connectivity.tunnel.core.handlers.AbstractErrorHandler: Input/output exception in forwarding proxy: java.io.IOException: An existing connection was forcibly closed by the remote host
2018-01-26 12:26:05,597 ERROR [forwardingproxy-6-10] com.sap.core.connectivity.tunnel.core.handlers.AbstractErrorHandler: Input/output exception in forwarding proxy: java.io.IOException: An existing connection was forcibly closed by the remote host
2018-01-26 12:26:54,244 ERROR [forwardingproxy-6-12] com.sap.core.connectivity.tunnel.core.handlers.AbstractErrorHandler: Input/output exception in forwarding proxy: java.io.IOException: An existing connection was forcibly closed by the remote host
2018-01-26 12:28:48,567 ERROR [forwardingproxy-6-14] com.sap.core.connectivity.tunnel.core.handlers.AbstractErrorHandler: Input/output exception in forwarding proxy: java.io.IOException: An existing connection was forcibly closed by the remote host
2018-01-26 12:29:28,269 ERROR [forwardingproxy-6-16] com.sap.core.connectivity.tunnel.core.handlers.AbstractErrorHandler: Input/output exception in forwarding proxy: java.io.IOException: An existing connection was forcibly closed by the remote host
2018-01-26 12:31:47,208 ERROR [forwardingproxy-6-18] com.sap.core.connectivity.tunnel.core.handlers.AbstractErrorHandler: Input/output exception in forwarding proxy: java.io.IOException: An existing connection was forcibly closed by the remote host
2018-01-26 12:32:36,306 ERROR [forwardingproxy-6-20] com.sap.core.connectivity.tunnel.core.handlers.AbstractErrorHandler: Input/output exception in forwarding proxy: java.io.IOException: An existing connection was forcibly closed by the remote host
2018-01-26 12:32:59,219 ERROR [forwardingproxy-6-2] com.sap.core.connectivity.tunnel.core.handlers.AbstractErrorHandler: Input/output exception in forwarding proxy: java.io.IOException: An existing connection was forcibly closed by the remote host
2018-01-26 14:30:59,430 ERROR [tunnelclient-2-1] com.sap.core.connectivity.tunnel.core.handlers.TunnelErrorHandler: Unexpected problem during tunnel processing in channel [id: 0x6975ad0d, L:/172.16.30.87:51662 - R:connectivitytunnel.eu1.hana.ondemand.com/155.56.210.84:443]; Reason: An existing connection was forcibly closed by the remote host
2018-01-26 14:30:59,447 INFO  [tunnelclient-2-1] com.sap.core.connectivity.tunnel.core.impl.context.TunnelRegistryImpl: Unregistered tunnel channel [id: 0x6975ad0d, L:/172.16.30.87:51662 ! R:connectivitytunnel.eu1.hana.ondemand.com/155.56.210.84:443] for tunnel id "jdbc:///i4t/t8d5704730fce467b98121ef62fa50131"
2018-01-26 14:30:59,450 INFO  [tunnelclient-2-1] com.sap.core.connectivity.tunnel.core.impl.context.TunnelRegistryImpl: Close tunnel with id "jdbc:///i4t/t8d5704730fce467b98121ef62fa50131" and client id "e8594c3e-7d0d-442b-ac4d-19e4eeebe610"
