2018-02-05 16:32:59,822 INFO  [main] com.sap.jpaas.infrastructure.console.ConsoleLogger: Arguments:   -a af91a028a -u p1942289352 -h eu1.hana.ondemand.com --id i4t -p ********
2018-02-05 16:33:01,329 INFO  [main] com.sap.jpaas.infrastructure.console.ConsoleLogger: Starting execution of command [open-db-tunnel]
2018-02-05 16:33:01,335 ERROR [main] com.sap.jpaas.infrastructure.console.version.VersionUtilities: There is no config file: C:\Users\sai.tharun\Documents\SCP Workspaces\local-dev-workbox\cw-workbox\workbox\util\tools\neo_tools\.\..\sdk.version
java.io.FileNotFoundException: C:\Users\sai.tharun\Documents\SCP Workspaces\local-dev-workbox\cw-workbox\workbox\util\tools\neo_tools\.\..\sdk.version (The system cannot find the file specified)
	at java.io.FileInputStream.open0(Native Method)
	at java.io.FileInputStream.open(FileInputStream.java:195)
	at java.io.FileInputStream.<init>(FileInputStream.java:138)
	at com.sap.jpaas.infrastructure.console.version.VersionUtilities.readSDKVersionProperties(VersionUtilities.java:52)
	at com.sap.jpaas.infrastructure.console.version.VersionUtilities.<clinit>(VersionUtilities.java:42)
	at com.sap.jpaas.infrastructure.console.VersionValidityCheckProvider.<init>(VersionValidityCheckProvider.java:40)
	at com.sap.jpaas.infrastructure.console.command.UnsecuredRemoteCommand.blockingOptimizedCheck(UnsecuredRemoteCommand.java:128)
	at com.sap.jpaas.infrastructure.console.command.UnsecuredRemoteCommand.performVersionValidityCheck(UnsecuredRemoteCommand.java:75)
	at com.sap.jpaas.infrastructure.console.command.UnsecuredRemoteCommand.initWithHostOnlyCheck(UnsecuredRemoteCommand.java:68)
	at com.sap.jpaas.infrastructure.console.command.RemoteCommand.initWithNoPasswordCheck(RemoteCommand.java:44)
	at com.sap.jpaas.infrastructure.console.command.RemoteCommand.init(RemoteCommand.java:39)
	at com.sap.core.persistence.commands.AbstractAccountCommand.init(AbstractAccountCommand.java:36)
	at com.sap.core.persistence.commands.tunnel.OpenDbTunnelCommand.init(OpenDbTunnelCommand.java:65)
	at com.sap.jpaas.infrastructure.console.CommandManager.run(CommandManager.java:171)
	at com.sap.jpaas.infrastructure.console.CommandManager.run(CommandManager.java:144)
	at com.sap.jpaas.infrastructure.console.ConsoleClient.executeCommand(ConsoleClient.java:242)
	at com.sap.jpaas.infrastructure.console.ConsoleClient.run(ConsoleClient.java:184)
	at com.sap.jpaas.infrastructure.console.ConsoleClient.main(ConsoleClient.java:80)
2018-02-05 16:33:01,343 ERROR [main] com.sap.jpaas.infrastructure.console.version.VersionUtilities: The runtime type [unknown] or version [unknown] are not correct.
java.lang.IllegalArgumentException: invalid version "unknown": non-numeric "unknown"
	at com.sap.core.utils.sdk.status.Version.parseInt(Version.java:95)
	at com.sap.core.utils.sdk.status.Version.<init>(Version.java:71)
	at com.sap.jpaas.infrastructure.console.version.VersionUtilities.parseRuntime(VersionUtilities.java:148)
	at com.sap.jpaas.infrastructure.console.VersionValidityCheckProvider.<init>(VersionValidityCheckProvider.java:41)
	at com.sap.jpaas.infrastructure.console.command.UnsecuredRemoteCommand.blockingOptimizedCheck(UnsecuredRemoteCommand.java:128)
	at com.sap.jpaas.infrastructure.console.command.UnsecuredRemoteCommand.performVersionValidityCheck(UnsecuredRemoteCommand.java:75)
	at com.sap.jpaas.infrastructure.console.command.UnsecuredRemoteCommand.initWithHostOnlyCheck(UnsecuredRemoteCommand.java:68)
	at com.sap.jpaas.infrastructure.console.command.RemoteCommand.initWithNoPasswordCheck(RemoteCommand.java:44)
	at com.sap.jpaas.infrastructure.console.command.RemoteCommand.init(RemoteCommand.java:39)
	at com.sap.core.persistence.commands.AbstractAccountCommand.init(AbstractAccountCommand.java:36)
	at com.sap.core.persistence.commands.tunnel.OpenDbTunnelCommand.init(OpenDbTunnelCommand.java:65)
	at com.sap.jpaas.infrastructure.console.CommandManager.run(CommandManager.java:171)
	at com.sap.jpaas.infrastructure.console.CommandManager.run(CommandManager.java:144)
	at com.sap.jpaas.infrastructure.console.ConsoleClient.executeCommand(ConsoleClient.java:242)
	at com.sap.jpaas.infrastructure.console.ConsoleClient.run(ConsoleClient.java:184)
	at com.sap.jpaas.infrastructure.console.ConsoleClient.main(ConsoleClient.java:80)
Caused by: java.lang.NumberFormatException: For input string: "unknown"
	at java.lang.NumberFormatException.forInputString(NumberFormatException.java:65)
	at java.lang.Integer.parseInt(Integer.java:580)
	at java.lang.Integer.parseInt(Integer.java:615)
	at com.sap.core.utils.sdk.status.Version.parseInt(Version.java:93)
	... 15 more
2018-02-05 16:33:01,354 ERROR [pool-2-thread-1] com.sap.jpaas.infrastructure.console.ConsoleLogger: There was a problem obtaining version or runtime status of your SDK and the status cannot be defined. This should not affect the command's execution.
2018-02-05 16:33:01,355 INFO  [main] com.sap.jpaas.infrastructure.console.ConsoleLogger: Version validity check is completed
2018-02-05 16:33:01,357 INFO  [main] com.sap.jpaas.infrastructure.console.ConsoleLogger: Command [open-db-tunnel] init() finished for [27] ms
2018-02-05 16:33:01,375 INFO  [main] com.sap.core.tunnelcommands.framework.executor.CommandTunnelRequestExecutor: CommandTunnelRequestExecutor.executeRequest() called for command [open-db-tunnel] (version: 1.2.0)
2018-02-05 16:33:05,681 INFO  [tunnelclient-2-1] com.sap.core.connectivity.tunnel.client.handshake.ClientProtocolHandshaker: Sending handshake request for tunnel: jdbc:///i4t/tf66d8f2491844172a66e7b4406fd3676 and host connectivitytunnel.eu1.hana.ondemand.com
2018-02-05 16:33:06,248 INFO  [tunnelclient-2-1] com.sap.core.connectivity.tunnel.core.impl.context.TunnelRegistryImpl: Registered tunnel channel [id: 0x057c2237, L:/172.16.30.105:64185 - R:connectivitytunnel.eu1.hana.ondemand.com/155.56.210.84:443] for tunnel id "jdbc:///i4t/tf66d8f2491844172a66e7b4406fd3676" and client id "bde21063-b321-4d64-8bd4-41759e5ee7b7"
2018-02-05 16:33:06,249 INFO  [main] com.sap.core.connectivity.tunnel.client.AbstractTunnelClient: Successfully established tunnel: [id: 0x057c2237, L:/172.16.30.105:64185 - R:connectivitytunnel.eu1.hana.ondemand.com/155.56.210.84:443]
2018-02-05 16:33:08,591 INFO  [main] com.sap.core.connectivity.tunnel.core.impl.proxy.AbstractProxyServer: Started proxy server at port: 30015
2018-02-05 16:33:08,592 INFO  [main] com.sap.core.connectivity.tunnel.core.impl.proxy.AbstractProxyServer: Proxy server pool size: 20
2018-02-05 16:33:08,592 INFO  [main] com.sap.core.connectivity.tunnel.core.impl.proxy.AbstractProxyServer: Proxy server max heap per channel: 4194304
2018-02-05 16:33:08,592 INFO  [main] com.sap.core.connectivity.tunnel.core.impl.proxy.AbstractProxyServer: Proxy server max heap for all channels: 134217728
2018-02-05 16:37:14,106 ERROR [forwardingproxy-6-2] com.sap.core.connectivity.tunnel.core.handlers.AbstractErrorHandler: Input/output exception in forwarding proxy: java.io.IOException: An existing connection was forcibly closed by the remote host
2018-02-05 16:40:16,449 ERROR [forwardingproxy-6-4] com.sap.core.connectivity.tunnel.core.handlers.AbstractErrorHandler: Input/output exception in forwarding proxy: java.io.IOException: An existing connection was forcibly closed by the remote host
2018-02-05 16:44:24,204 ERROR [forwardingproxy-6-6] com.sap.core.connectivity.tunnel.core.handlers.AbstractErrorHandler: Input/output exception in forwarding proxy: java.io.IOException: An existing connection was forcibly closed by the remote host
2018-02-05 17:03:39,994 ERROR [forwardingproxy-6-8] com.sap.core.connectivity.tunnel.core.handlers.AbstractErrorHandler: Input/output exception in forwarding proxy: java.io.IOException: An existing connection was forcibly closed by the remote host
2018-02-05 17:37:13,405 ERROR [forwardingproxy-6-10] com.sap.core.connectivity.tunnel.core.handlers.AbstractErrorHandler: Input/output exception in forwarding proxy: java.io.IOException: An existing connection was forcibly closed by the remote host
2018-02-05 18:06:08,283 ERROR [forwardingproxy-6-12] com.sap.core.connectivity.tunnel.core.handlers.AbstractErrorHandler: Input/output exception in forwarding proxy: java.io.IOException: An existing connection was forcibly closed by the remote host
2018-02-05 18:19:29,581 ERROR [forwardingproxy-6-14] com.sap.core.connectivity.tunnel.core.handlers.AbstractErrorHandler: Input/output exception in forwarding proxy: java.io.IOException: An existing connection was forcibly closed by the remote host
