2018-01-25 12:00:51,670 INFO  [main] com.sap.jpaas.infrastructure.console.ConsoleLogger: Arguments:   -a af91a028a -u p1942289352 -h eu1.hana.ondemand.com --id i4t -p ********
2018-01-25 12:00:53,056 INFO  [main] com.sap.jpaas.infrastructure.console.ConsoleLogger: Starting execution of command [open-db-tunnel]
2018-01-25 12:00:53,056 ERROR [main] com.sap.jpaas.infrastructure.console.version.VersionUtilities: There is no config file: C:\Users\sai.tharun\Documents\SCP Workspaces\CW-Workbox\cw-workbox\workbox\util\tools\neo_tools\.\..\sdk.version
java.io.FileNotFoundException: C:\Users\sai.tharun\Documents\SCP Workspaces\CW-Workbox\cw-workbox\workbox\util\tools\neo_tools\.\..\sdk.version (The system cannot find the file specified)
	at java.io.FileInputStream.open0(Native Method)
	at java.io.FileInputStream.open(FileInputStream.java:195)
	at java.io.FileInputStream.<init>(FileInputStream.java:138)
	at com.sap.jpaas.infrastructure.console.version.VersionUtilities.readSDKVersionProperties(VersionUtilities.java:52)
	at com.sap.jpaas.infrastructure.console.version.VersionUtilities.<clinit>(VersionUtilities.java:42)
	at com.sap.jpaas.infrastructure.console.VersionValidityCheckProvider.<init>(VersionValidityCheckProvider.java:40)
	at com.sap.jpaas.infrastructure.console.command.UnsecuredRemoteCommand.blockingOptimizedCheck(UnsecuredRemoteCommand.java:128)
	at com.sap.jpaas.infrastructure.console.command.UnsecuredRemoteCommand.performVersionValidityCheck(UnsecuredRemoteCommand.java:75)
	at com.sap.jpaas.infrastructure.console.command.UnsecuredRemoteCommand.initWithHostOnlyCheck(UnsecuredRemoteCommand.java:68)
	at com.sap.jpaas.infrastructure.console.command.RemoteCommand.initWithNoPasswordCheck(RemoteCommand.java:44)
	at com.sap.jpaas.infrastructure.console.command.RemoteCommand.init(RemoteCommand.java:39)
	at com.sap.core.persistence.commands.AbstractAccountCommand.init(AbstractAccountCommand.java:36)
	at com.sap.core.persistence.commands.tunnel.OpenDbTunnelCommand.init(OpenDbTunnelCommand.java:65)
	at com.sap.jpaas.infrastructure.console.CommandManager.run(CommandManager.java:171)
	at com.sap.jpaas.infrastructure.console.CommandManager.run(CommandManager.java:144)
	at com.sap.jpaas.infrastructure.console.ConsoleClient.executeCommand(ConsoleClient.java:242)
	at com.sap.jpaas.infrastructure.console.ConsoleClient.run(ConsoleClient.java:184)
	at com.sap.jpaas.infrastructure.console.ConsoleClient.main(ConsoleClient.java:80)
2018-01-25 12:00:53,072 ERROR [main] com.sap.jpaas.infrastructure.console.version.VersionUtilities: The runtime type [unknown] or version [unknown] are not correct.
java.lang.IllegalArgumentException: invalid version "unknown": non-numeric "unknown"
	at com.sap.core.utils.sdk.status.Version.parseInt(Version.java:95)
	at com.sap.core.utils.sdk.status.Version.<init>(Version.java:71)
	at com.sap.jpaas.infrastructure.console.version.VersionUtilities.parseRuntime(VersionUtilities.java:148)
	at com.sap.jpaas.infrastructure.console.VersionValidityCheckProvider.<init>(VersionValidityCheckProvider.java:41)
	at com.sap.jpaas.infrastructure.console.command.UnsecuredRemoteCommand.blockingOptimizedCheck(UnsecuredRemoteCommand.java:128)
	at com.sap.jpaas.infrastructure.console.command.UnsecuredRemoteCommand.performVersionValidityCheck(UnsecuredRemoteCommand.java:75)
	at com.sap.jpaas.infrastructure.console.command.UnsecuredRemoteCommand.initWithHostOnlyCheck(UnsecuredRemoteCommand.java:68)
	at com.sap.jpaas.infrastructure.console.command.RemoteCommand.initWithNoPasswordCheck(RemoteCommand.java:44)
	at com.sap.jpaas.infrastructure.console.command.RemoteCommand.init(RemoteCommand.java:39)
	at com.sap.core.persistence.commands.AbstractAccountCommand.init(AbstractAccountCommand.java:36)
	at com.sap.core.persistence.commands.tunnel.OpenDbTunnelCommand.init(OpenDbTunnelCommand.java:65)
	at com.sap.jpaas.infrastructure.console.CommandManager.run(CommandManager.java:171)
	at com.sap.jpaas.infrastructure.console.CommandManager.run(CommandManager.java:144)
	at com.sap.jpaas.infrastructure.console.ConsoleClient.executeCommand(ConsoleClient.java:242)
	at com.sap.jpaas.infrastructure.console.ConsoleClient.run(ConsoleClient.java:184)
	at com.sap.jpaas.infrastructure.console.ConsoleClient.main(ConsoleClient.java:80)
Caused by: java.lang.NumberFormatException: For input string: "unknown"
	at java.lang.NumberFormatException.forInputString(NumberFormatException.java:65)
	at java.lang.Integer.parseInt(Integer.java:580)
	at java.lang.Integer.parseInt(Integer.java:615)
	at com.sap.core.utils.sdk.status.Version.parseInt(Version.java:93)
	... 15 more
2018-01-25 12:00:53,072 ERROR [pool-2-thread-1] com.sap.jpaas.infrastructure.console.ConsoleLogger: There was a problem obtaining version or runtime status of your SDK and the status cannot be defined. This should not affect the command's execution.
2018-01-25 12:00:53,072 INFO  [main] com.sap.jpaas.infrastructure.console.ConsoleLogger: Version validity check is completed
2018-01-25 12:00:53,072 INFO  [main] com.sap.jpaas.infrastructure.console.ConsoleLogger: Command [open-db-tunnel] init() finished for [16] ms
2018-01-25 12:00:53,087 INFO  [main] com.sap.core.tunnelcommands.framework.executor.CommandTunnelRequestExecutor: CommandTunnelRequestExecutor.executeRequest() called for command [open-db-tunnel] (version: 1.2.0)
